WARNING: A terminally deprecated method in sun.misc.Unsafe has been called
WARNING: sun.misc.Unsafe::staticFieldBase has been called by com.google.inject.internal.aop.HiddenClassDefiner (file:/opt/homebrew/Cellar/maven/3.9.10/libexec/lib/guice-5.1.0-classes.jar)
WARNING: Please consider reporting this to the maintainers of class com.google.inject.internal.aop.HiddenClassDefiner
WARNING: sun.misc.Unsafe::staticFieldBase will be removed in a future release

  .   ____          _            __ _ _
 /\\ / ___'_ __ _ _(_)_ __  __ _ \ \ \ \
( ( )\___ | '_ | '_| | '_ \/ _` | \ \ \ \
 \\/  ___)| |_)| | | | | || (_| |  ) ) ) )
  '  |____| .__|_| |_|_| |_\__, | / / / /
 =========|_|==============|___/=/_/_/_/
[32m :: Spring Boot :: [39m              [2m (v3.2.5)[0;39m

[2m2025-09-02T02:13:20.531+05:30[0;39m [32m INFO[0;39m [35m62922[0;39m [2m---[0;39m [2m[           main][0;39m [2m[0;39m[36mc.e.g.rest.GitHubActivityApplication    [0;39m [2m:[0;39m Starting GitHubActivityApplication using Java 24.0.1 with PID 62922 (/Users/tanishqsharma/Desktop/logs/java/target/classes started by tanishqsharma in /Users/tanishqsharma/Desktop/logs/java)
[2m2025-09-02T02:13:20.532+05:30[0;39m [32mDEBUG[0;39m [35m62922[0;39m [2m---[0;39m [2m[           main][0;39m [2m[0;39m[36mc.e.g.rest.GitHubActivityApplication    [0;39m [2m:[0;39m Running with Spring Boot v3.2.5, Spring v6.1.6
[2m2025-09-02T02:13:20.532+05:30[0;39m [32m INFO[0;39m [35m62922[0;39m [2m---[0;39m [2m[           main][0;39m [2m[0;39m[36mc.e.g.rest.GitHubActivityApplication    [0;39m [2m:[0;39m No active profile set, falling back to 1 default profile: "default"
WARNING: A restricted method in java.lang.System has been called
WARNING: java.lang.System::load has been called by org.apache.tomcat.jni.Library in an unnamed module (file:/Users/tanishqsharma/.m2/repository/org/apache/tomcat/embed/tomcat-embed-core/10.1.20/tomcat-embed-core-10.1.20.jar)
WARNING: Use --enable-native-access=ALL-UNNAMED to avoid a warning for callers in this module
WARNING: Restricted methods will be blocked in a future release unless native access is enabled

[2m2025-09-02T02:13:20.843+05:30[0;39m [32m INFO[0;39m [35m62922[0;39m [2m---[0;39m [2m[           main][0;39m [2m[0;39m[36mo.s.b.w.embedded.tomcat.TomcatWebServer [0;39m [2m:[0;39m Tomcat initialized with port 8080 (http)
[2m2025-09-02T02:13:20.848+05:30[0;39m [32m INFO[0;39m [35m62922[0;39m [2m---[0;39m [2m[           main][0;39m [2m[0;39m[36mo.apache.catalina.core.StandardService  [0;39m [2m:[0;39m Starting service [Tomcat]
[2m2025-09-02T02:13:20.848+05:30[0;39m [32m INFO[0;39m [35m62922[0;39m [2m---[0;39m [2m[           main][0;39m [2m[0;39m[36mo.apache.catalina.core.StandardEngine   [0;39m [2m:[0;39m Starting Servlet engine: [Apache Tomcat/10.1.20]
[2m2025-09-02T02:13:20.873+05:30[0;39m [32m INFO[0;39m [35m62922[0;39m [2m---[0;39m [2m[           main][0;39m [2m[0;39m[36mo.a.c.c.C.[Tomcat].[localhost].[/]      [0;39m [2m:[0;39m Initializing Spring embedded WebApplicationContext
[2m2025-09-02T02:13:20.873+05:30[0;39m [32m INFO[0;39m [35m62922[0;39m [2m---[0;39m [2m[           main][0;39m [2m[0;39m[36mw.s.c.ServletWebServerApplicationContext[0;39m [2m:[0;39m Root WebApplicationContext: initialization completed in 323 ms
[2m2025-09-02T02:13:20.999+05:30[0;39m [32m INFO[0;39m [35m62922[0;39m [2m---[0;39m [2m[           main][0;39m [2m[0;39m[36mo.s.b.w.embedded.tomcat.TomcatWebServer [0;39m [2m:[0;39m Tomcat started on port 8080 (http) with context path ''
[2m2025-09-02T02:13:21.003+05:30[0;39m [32m INFO[0;39m [35m62922[0;39m [2m---[0;39m [2m[           main][0;39m [2m[0;39m[36mc.e.g.rest.GitHubActivityApplication    [0;39m [2m:[0;39m Started GitHubActivityApplication in 0.609 seconds (process running for 0.729)
[2m2025-09-02T02:13:22.048+05:30[0;39m [32m INFO[0;39m [35m62922[0;39m [2m---[0;39m [2m[nio-8080-exec-1][0;39m [2m[0;39m[36mo.a.c.c.C.[Tomcat].[localhost].[/]      [0;39m [2m:[0;39m Initializing Spring DispatcherServlet 'dispatcherServlet'
[2m2025-09-02T02:13:22.048+05:30[0;39m [32m INFO[0;39m [35m62922[0;39m [2m---[0;39m [2m[nio-8080-exec-1][0;39m [2m[0;39m[36mo.s.web.servlet.DispatcherServlet       [0;39m [2m:[0;39m Initializing Servlet 'dispatcherServlet'
[2m2025-09-02T02:13:22.049+05:30[0;39m [32m INFO[0;39m [35m62922[0;39m [2m---[0;39m [2m[nio-8080-exec-1][0;39m [2m[0;39m[36mo.s.web.servlet.DispatcherServlet       [0;39m [2m:[0;39m Completed initialization in 0 ms
[2m2025-09-02T02:13:22.059+05:30[0;39m [31mERROR[0;39m [35m62922[0;39m [2m---[0;39m [2m[nio-8080-exec-1][0;39m [2m[0;39m[36mc.e.github.rest.GlobalExceptionHandler  [0;39m [2m:[0;39m Unhandled exception

org.springframework.web.servlet.resource.NoResourceFoundException: No static resource actuator/health.
	at org.springframework.web.servlet.resource.ResourceHttpRequestHandler.handleRequest(ResourceHttpRequestHandler.java:585) ~[spring-webmvc-6.1.6.jar:6.1.6]
	at org.springframework.web.servlet.mvc.HttpRequestHandlerAdapter.handle(HttpRequestHandlerAdapter.java:52) ~[spring-webmvc-6.1.6.jar:6.1.6]
	at org.springframework.web.servlet.DispatcherServlet.doDispatch(DispatcherServlet.java:1089) ~[spring-webmvc-6.1.6.jar:6.1.6]
	at org.springframework.web.servlet.DispatcherServlet.doService(DispatcherServlet.java:979) ~[spring-webmvc-6.1.6.jar:6.1.6]
	at org.springframework.web.servlet.FrameworkServlet.processRequest(FrameworkServlet.java:1014) ~[spring-webmvc-6.1.6.jar:6.1.6]
	at org.springframework.web.servlet.FrameworkServlet.doGet(FrameworkServlet.java:903) ~[spring-webmvc-6.1.6.jar:6.1.6]
	at jakarta.servlet.http.HttpServlet.service(HttpServlet.java:564) ~[tomcat-embed-core-10.1.20.jar:6.0]
	at org.springframework.web.servlet.FrameworkServlet.service(FrameworkServlet.java:885) ~[spring-webmvc-6.1.6.jar:6.1.6]
	at jakarta.servlet.http.HttpServlet.service(HttpServlet.java:658) ~[tomcat-embed-core-10.1.20.jar:6.0]
	at org.apache.catalina.core.ApplicationFilterChain.internalDoFilter(ApplicationFilterChain.java:206) ~[tomcat-embed-core-10.1.20.jar:10.1.20]
	at org.apache.catalina.core.ApplicationFilterChain.doFilter(ApplicationFilterChain.java:150) ~[tomcat-embed-core-10.1.20.jar:10.1.20]
	at org.apache.tomcat.websocket.server.WsFilter.doFilter(WsFilter.java:51) ~[tomcat-embed-websocket-10.1.20.jar:10.1.20]
	at org.apache.catalina.core.ApplicationFilterChain.internalDoFilter(ApplicationFilterChain.java:175) ~[tomcat-embed-core-10.1.20.jar:10.1.20]
	at org.apache.catalina.core.ApplicationFilterChain.doFilter(ApplicationFilterChain.java:150) ~[tomcat-embed-core-10.1.20.jar:10.1.20]
	at org.springframework.web.filter.RequestContextFilter.doFilterInternal(RequestContextFilter.java:100) ~[spring-web-6.1.6.jar:6.1.6]
	at org.springframework.web.filter.OncePerRequestFilter.doFilter(OncePerRequestFilter.java:116) ~[spring-web-6.1.6.jar:6.1.6]
	at org.apache.catalina.core.ApplicationFilterChain.internalDoFilter(ApplicationFilterChain.java:175) ~[tomcat-embed-core-10.1.20.jar:10.1.20]
	at org.apache.catalina.core.ApplicationFilterChain.doFilter(ApplicationFilterChain.java:150) ~[tomcat-embed-core-10.1.20.jar:10.1.20]
	at org.springframework.web.filter.FormContentFilter.doFilterInternal(FormContentFilter.java:93) ~[spring-web-6.1.6.jar:6.1.6]
	at org.springframework.web.filter.OncePerRequestFilter.doFilter(OncePerRequestFilter.java:116) ~[spring-web-6.1.6.jar:6.1.6]
	at org.apache.catalina.core.ApplicationFilterChain.internalDoFilter(ApplicationFilterChain.java:175) ~[tomcat-embed-core-10.1.20.jar:10.1.20]
	at org.apache.catalina.core.ApplicationFilterChain.doFilter(ApplicationFilterChain.java:150) ~[tomcat-embed-core-10.1.20.jar:10.1.20]
	at org.springframework.web.filter.CharacterEncodingFilter.doFilterInternal(CharacterEncodingFilter.java:201) ~[spring-web-6.1.6.jar:6.1.6]
	at org.springframework.web.filter.OncePerRequestFilter.doFilter(OncePerRequestFilter.java:116) ~[spring-web-6.1.6.jar:6.1.6]
	at org.apache.catalina.core.ApplicationFilterChain.internalDoFilter(ApplicationFilterChain.java:175) ~[tomcat-embed-core-10.1.20.jar:10.1.20]
	at org.apache.catalina.core.ApplicationFilterChain.doFilter(ApplicationFilterChain.java:150) ~[tomcat-embed-core-10.1.20.jar:10.1.20]
	at org.apache.catalina.core.StandardWrapperValve.invoke(StandardWrapperValve.java:167) ~[tomcat-embed-core-10.1.20.jar:10.1.20]
	at org.apache.catalina.core.StandardContextValve.invoke(StandardContextValve.java:90) ~[tomcat-embed-core-10.1.20.jar:10.1.20]
	at org.apache.catalina.authenticator.AuthenticatorBase.invoke(AuthenticatorBase.java:482) ~[tomcat-embed-core-10.1.20.jar:10.1.20]
	at org.apache.catalina.core.StandardHostValve.invoke(StandardHostValve.java:115) ~[tomcat-embed-core-10.1.20.jar:10.1.20]
	at org.apache.catalina.valves.ErrorReportValve.invoke(ErrorReportValve.java:93) ~[tomcat-embed-core-10.1.20.jar:10.1.20]
	at org.apache.catalina.core.StandardEngineValve.invoke(StandardEngineValve.java:74) ~[tomcat-embed-core-10.1.20.jar:10.1.20]
	at org.apache.catalina.connector.CoyoteAdapter.service(CoyoteAdapter.java:344) ~[tomcat-embed-core-10.1.20.jar:10.1.20]
	at org.apache.coyote.http11.Http11Processor.service(Http11Processor.java:391) ~[tomcat-embed-core-10.1.20.jar:10.1.20]
	at org.apache.coyote.AbstractProcessorLight.process(AbstractProcessorLight.java:63) ~[tomcat-embed-core-10.1.20.jar:10.1.20]
	at org.apache.coyote.AbstractProtocol$ConnectionHandler.process(AbstractProtocol.java:896) ~[tomcat-embed-core-10.1.20.jar:10.1.20]
	at org.apache.tomcat.util.net.NioEndpoint$SocketProcessor.doRun(NioEndpoint.java:1736) ~[tomcat-embed-core-10.1.20.jar:10.1.20]
	at org.apache.tomcat.util.net.SocketProcessorBase.run(SocketProcessorBase.java:52) ~[tomcat-embed-core-10.1.20.jar:10.1.20]
	at org.apache.tomcat.util.threads.ThreadPoolExecutor.runWorker(ThreadPoolExecutor.java:1191) ~[tomcat-embed-core-10.1.20.jar:10.1.20]
	at org.apache.tomcat.util.threads.ThreadPoolExecutor$Worker.run(ThreadPoolExecutor.java:659) ~[tomcat-embed-core-10.1.20.jar:10.1.20]
	at org.apache.tomcat.util.threads.TaskThread$WrappingRunnable.run(TaskThread.java:63) ~[tomcat-embed-core-10.1.20.jar:10.1.20]
	at java.base/java.lang.Thread.run(Thread.java:1447) ~[na:na]

[2m2025-09-02T02:13:22.187+05:30[0;39m [32mDEBUG[0;39m [35m62922[0;39m [2m---[0;39m [2m[nio-8080-exec-2][0;39m [2m[0;39m[36mc.e.github.service.GitHubApiClient      [0;39m [2m:[0;39m Requesting repos page 1 for torvalds -> https://api.github.com/users/torvalds/repos?per_page=100&page=1
[2m2025-09-02T02:13:22.760+05:30[0;39m [32mDEBUG[0;39m [35m62922[0;39m [2m---[0;39m [2m[nio-8080-exec-2][0;39m [2m[0;39m[36mc.e.github.service.GitHubApiClient      [0;39m [2m:[0;39m Response repos page 1 status=200 length=40611
[2m2025-09-02T02:13:22.797+05:30[0;39m [32mDEBUG[0;39m [35m62922[0;39m [2m---[0;39m [2m[nio-8080-exec-2][0;39m [2m[0;39m[36mc.e.github.service.GitHubApiClient      [0;39m [2m:[0;39m Requesting commits torvalds/1590A perPage=2 -> https://api.github.com/repos/torvalds/1590A/commits?per_page=2
[2m2025-09-02T02:13:23.083+05:30[0;39m [32mDEBUG[0;39m [35m62922[0;39m [2m---[0;39m [2m[nio-8080-exec-2][0;39m [2m[0;39m[36mc.e.github.service.GitHubApiClient      [0;39m [2m:[0;39m Response commits torvalds/1590A status=200 length=8933
[2m2025-09-02T02:13:23.088+05:30[0;39m [32mDEBUG[0;39m [35m62922[0;39m [2m---[0;39m [2m[nio-8080-exec-2][0;39m [2m[0;39m[36mc.e.github.service.GitHubApiClient      [0;39m [2m:[0;39m Requesting commits torvalds/linux perPage=2 -> https://api.github.com/repos/torvalds/linux/commits?per_page=2
[2m2025-09-02T02:13:23.374+05:30[0;39m [32mDEBUG[0;39m [35m62922[0;39m [2m---[0;39m [2m[nio-8080-exec-2][0;39m [2m[0;39m[36mc.e.github.service.GitHubApiClient      [0;39m [2m:[0;39m Response commits torvalds/linux status=200 length=7548
[2m2025-09-02T02:13:23.374+05:30[0;39m [32mDEBUG[0;39m [35m62922[0;39m [2m---[0;39m [2m[nio-8080-exec-2][0;39m [2m[0;39m[36mc.e.github.service.GitHubApiClient      [0;39m [2m:[0;39m Requesting commits torvalds/pesconvert perPage=2 -> https://api.github.com/repos/torvalds/pesconvert/commits?per_page=2
[2m2025-09-02T02:13:23.676+05:30[0;39m [32mDEBUG[0;39m [35m62922[0;39m [2m---[0;39m [2m[nio-8080-exec-2][0;39m [2m[0;39m[36mc.e.github.service.GitHubApiClient      [0;39m [2m:[0;39m Response commits torvalds/pesconvert status=200 length=7007
[2m2025-09-02T02:13:23.677+05:30[0;39m [32mDEBUG[0;39m [35m62922[0;39m [2m---[0;39m [2m[nio-8080-exec-2][0;39m [2m[0;39m[36mc.e.github.service.GitHubApiClient      [0;39m [2m:[0;39m Requesting commits torvalds/test-tlb perPage=2 -> https://api.github.com/repos/torvalds/test-tlb/commits?per_page=2
[2m2025-09-02T02:13:23.978+05:30[0;39m [32mDEBUG[0;39m [35m62922[0;39m [2m---[0;39m [2m[nio-8080-exec-2][0;39m [2m[0;39m[36mc.e.github.service.GitHubApiClient      [0;39m [2m:[0;39m Response commits torvalds/test-tlb status=200 length=6461
[2m2025-09-02T02:13:23.979+05:30[0;39m [32mDEBUG[0;39m [35m62922[0;39m [2m---[0;39m [2m[nio-8080-exec-2][0;39m [2m[0;39m[36mc.e.github.service.GitHubApiClient      [0;39m [2m:[0;39m Requesting commits torvalds/uemacs perPage=2 -> https://api.github.com/repos/torvalds/uemacs/commits?per_page=2
[2m2025-09-02T02:13:24.290+05:30[0;39m [32mDEBUG[0;39m [35m62922[0;39m [2m---[0;39m [2m[nio-8080-exec-2][0;39m [2m[0;39m[36mc.e.github.service.GitHubApiClient      [0;39m [2m:[0;39m Response commits torvalds/uemacs status=200 length=7329
[2m2025-09-02T02:13:24.330+05:30[0;39m [32mDEBUG[0;39m [35m62922[0;39m [2m---[0;39m [2m[nio-8080-exec-4][0;39m [2m[0;39m[36mc.e.github.service.GitHubApiClient      [0;39m [2m:[0;39m Requesting repos page 1 for octocat -> https://api.github.com/users/octocat/repos?per_page=100&page=1
[2m2025-09-02T02:13:24.798+05:30[0;39m [32mDEBUG[0;39m [35m62922[0;39m [2m---[0;39m [2m[nio-8080-exec-4][0;39m [2m[0;39m[36mc.e.github.service.GitHubApiClient      [0;39m [2m:[0;39m Response repos page 1 status=200 length=40593
[2m2025-09-02T02:13:24.799+05:30[0;39m [32mDEBUG[0;39m [35m62922[0;39m [2m---[0;39m [2m[nio-8080-exec-4][0;39m [2m[0;39m[36mc.e.github.service.GitHubApiClient      [0;39m [2m:[0;39m Requesting commits octocat/git-consortium perPage=2 -> https://api.github.com/repos/octocat/git-consortium/commits?per_page=2
[2m2025-09-02T02:13:25.168+05:30[0;39m [32mDEBUG[0;39m [35m62922[0;39m [2m---[0;39m [2m[nio-8080-exec-4][0;39m [2m[0;39m[36mc.e.github.service.GitHubApiClient      [0;39m [2m:[0;39m Response commits octocat/git-consortium status=200 length=6545
[2m2025-09-02T02:13:25.169+05:30[0;39m [32mDEBUG[0;39m [35m62922[0;39m [2m---[0;39m [2m[nio-8080-exec-4][0;39m [2m[0;39m[36mc.e.github.service.GitHubApiClient      [0;39m [2m:[0;39m Requesting commits octocat/hello-worId perPage=2 -> https://api.github.com/repos/octocat/hello-worId/commits?per_page=2
[2m2025-09-02T02:13:25.430+05:30[0;39m [32mDEBUG[0;39m [35m62922[0;39m [2m---[0;39m [2m[nio-8080-exec-4][0;39m [2m[0;39m[36mc.e.github.service.GitHubApiClient      [0;39m [2m:[0;39m Response commits octocat/hello-worId status=200 length=2970
[2m2025-09-02T02:13:25.431+05:30[0;39m [32mDEBUG[0;39m [35m62922[0;39m [2m---[0;39m [2m[nio-8080-exec-4][0;39m [2m[0;39m[36mc.e.github.service.GitHubApiClient      [0;39m [2m:[0;39m Requesting commits octocat/Hello-World perPage=2 -> https://api.github.com/repos/octocat/Hello-World/commits?per_page=2
[2m2025-09-02T02:13:25.714+05:30[0;39m [32mDEBUG[0;39m [35m62922[0;39m [2m---[0;39m [2m[nio-8080-exec-4][0;39m [2m[0;39m[36mc.e.github.service.GitHubApiClient      [0;39m [2m:[0;39m Response commits octocat/Hello-World status=200 length=6912
[2m2025-09-02T02:13:25.714+05:30[0;39m [32mDEBUG[0;39m [35m62922[0;39m [2m---[0;39m [2m[nio-8080-exec-4][0;39m [2m[0;39m[36mc.e.github.service.GitHubApiClient      [0;39m [2m:[0;39m Requesting commits octocat/octocat.github.io perPage=2 -> https://api.github.com/repos/octocat/octocat.github.io/commits?per_page=2
[2m2025-09-02T02:13:25.982+05:30[0;39m [32mDEBUG[0;39m [35m62922[0;39m [2m---[0;39m [2m[nio-8080-exec-4][0;39m [2m[0;39m[36mc.e.github.service.GitHubApiClient      [0;39m [2m:[0;39m Response commits octocat/octocat.github.io status=200 length=6574
[2m2025-09-02T02:13:25.983+05:30[0;39m [32mDEBUG[0;39m [35m62922[0;39m [2m---[0;39m [2m[nio-8080-exec-4][0;39m [2m[0;39m[36mc.e.github.service.GitHubApiClient      [0;39m [2m:[0;39m Requesting commits octocat/Spoon-Knife perPage=2 -> https://api.github.com/repos/octocat/Spoon-Knife/commits?per_page=2
[2m2025-09-02T02:13:26.255+05:30[0;39m [32mDEBUG[0;39m [35m62922[0;39m [2m---[0;39m [2m[nio-8080-exec-4][0;39m [2m[0;39m[36mc.e.github.service.GitHubApiClient      [0;39m [2m:[0;39m Response commits octocat/Spoon-Knife status=200 length=6485
[2m2025-09-02T02:13:26.255+05:30[0;39m [32mDEBUG[0;39m [35m62922[0;39m [2m---[0;39m [2m[nio-8080-exec-4][0;39m [2m[0;39m[36mc.e.github.service.GitHubApiClient      [0;39m [2m:[0;39m Requesting commits octocat/test-repo1 perPage=2 -> https://api.github.com/repos/octocat/test-repo1/commits?per_page=2
[2m2025-09-02T02:13:26.534+05:30[0;39m [32mDEBUG[0;39m [35m62922[0;39m [2m---[0;39m [2m[nio-8080-exec-4][0;39m [2m[0;39m[36mc.e.github.service.GitHubApiClient      [0;39m [2m:[0;39m Response commits octocat/test-repo1 status=200 length=3073
